<?xml version="1.0" encoding="UTF-8"?>
<testsuites name="Mystore" time="40.755" tests="2" failures="0" errors="0">
   <testsuite name="Mystore" tests="2" failures="0" errors="0" time="40.755" skipped="0" timestamp="2022-10-16 20:05:24" hostname="TEST - DESKTOP-5E4IS0E" id="Test Suites/Mystore">
      <properties>
         <property name="deviceName" value=""/>
         <property name="devicePlatform" value=""/>
         <property name="logFolder" value="E:\\Katalon_project\\DemoNew\\Demo-web\\Reports\\20221016_200516\\Mystore\\20221016_200516"/>
         <property name="logFiles" value="E:\\Katalon_project\\DemoNew\\Demo-web\\Reports\\20221016_200516\\Mystore\\20221016_200516\\execution0.log"/>
         <property name="attachments" value=""/>
         <property name="hostName" value="TEST - DESKTOP-5E4IS0E"/>
         <property name="os" value="Windows 10 64bit"/>
         <property name="katalonVersion" value="8.4.1.208"/>
         <property name="browser" value="Chrome 106.0.0.0"/>
         <property name="hostAddress" value="192.168.43.122"/>
         <property name="sessionId" value="5fc1f0383052d45d9fc53c59db158c82"/>
         <property name="seleniumVersion" value="3.141.59"/>
         <property name="proxyInformation" value="ProxyInformation { proxyOption=NO_PROXY, proxyServerType=HTTP, username=, password=********, proxyServerAddress=, proxyServerPort=0, executionList=&quot;&quot;, isApplyToDesiredCapabilities=true }"/>
         <property name="platform" value="Windows 10"/>
      </properties>
      <testcase name="Test Cases/LogIn" time="34.392" classname="Test Cases/LogIn" status="PASSED">
         <system-out><![CDATA[2022-10-16 20:05:25 - [TEST_CASE][PASSED] - Test Cases/LogIn: Test Cases/LogIn

2022-10-16 20:05:26 - [TEST_STEP][PASSED] - openBrowser(""): Browser is opened with url: ''

2022-10-16 20:05:26 - [MESSAGE][INFO] - Starting 'Chrome' driver

2022-10-16 20:05:26 - [MESSAGE][INFO] - Action delay is set to 0 milliseconds

2022-10-16 20:05:33 - [MESSAGE][PASSED] - Browser is opened with url: ''

2022-10-16 20:05:33 - [TEST_STEP][PASSED] - navigateToUrl("http://automationpractice.com/index.php"): Navigate to 'http://automationpractice.com/index.php' successfully

2022-10-16 20:05:44 - [MESSAGE][PASSED] - Navigate to 'http://automationpractice.com/index.php' successfully

2022-10-16 20:05:44 - [TEST_STEP][PASSED] - click(findTestObject("Object Repository/Page_My Store/a_Sign in")): Object: 'Object Repository/Page_My Store/a_Sign in' is clicked on

2022-10-16 20:05:50 - [MESSAGE][PASSED] - Object: 'Object Repository/Page_My Store/a_Sign in' is clicked on

2022-10-16 20:05:50 - [TEST_STEP][PASSED] - setText(findTestObject("Object Repository/Page_Login - My Store/input_Email address_email"), "test.test@demo.it"): Text 'test.test@demo.it' is set on object 'Object Repository/Page_Login - My Store/input_Email address_email'

2022-10-16 20:05:51 - [MESSAGE][PASSED] - Text 'test.test@demo.it' is set on object 'Object Repository/Page_Login - My Store/input_Email address_email'

2022-10-16 20:05:51 - [TEST_STEP][PASSED] - setEncryptedText(findTestObject("Object Repository/Page_Login - My Store/input_Password_passwd"), "p4y+y39Ir5Oy1MY8jPt0uQ=="): Text ****** has been set on object 'Object Repository/Page_Login - My Store/input_Password_passwd'

2022-10-16 20:05:55 - [MESSAGE][PASSED] - Text ****** has been set on object 'Object Repository/Page_Login - My Store/input_Password_passwd'

2022-10-16 20:05:55 - [TEST_STEP][PASSED] - click(findTestObject("Object Repository/Page_Login - My Store/span_Sign in")): Object: 'Object Repository/Page_Login - My Store/span_Sign in' is clicked on

2022-10-16 20:05:58 - [MESSAGE][PASSED] - Object: 'Object Repository/Page_Login - My Store/span_Sign in' is clicked on

2022-10-16 20:05:58 - [TEST_STEP][PASSED] - waitForElementPresent(findTestObject("Object Repository/Page_My account - My Store/a_test test"), 0): Object 'Object Repository/Page_My account - My Store/a_test test' is present

2022-10-16 20:05:59 - [MESSAGE][WARNING] - Timeout '0' is invalid. Using default page load timeout: '30'

2022-10-16 20:05:59 - [MESSAGE][PASSED] - Object 'Object Repository/Page_My account - My Store/a_test test' is present

2022-10-16 20:05:59 - [TEST_STEP][PASSED] - verifyElementText(findTestObject("Object Repository/Page_My account - My Store/span_test test"), "test test"): Actual text and expected text of test object 'Object Repository/Page_My account - My Store/span_test test' are matched.

2022-10-16 20:05:59 - [MESSAGE][PASSED] - Actual text and expected text of test object 'Object Repository/Page_My account - My Store/span_test test' are matched.]]></system-out>
         <system-err><![CDATA[]]></system-err>
      </testcase>
      <testcase name="Test Cases/LogOut" time="5.833" classname="Test Cases/LogOut" status="PASSED">
         <system-out><![CDATA[2022-10-16 20:05:59 - [TEST_CASE][PASSED] - Test Cases/LogOut: Test Cases/LogOut

2022-10-16 20:06:00 - [TEST_STEP][PASSED] - click(findTestObject("Object Repository/Page_My account - My Store/a_Sign out")): Object: 'Object Repository/Page_My account - My Store/a_Sign out' is clicked on

2022-10-16 20:06:04 - [MESSAGE][PASSED] - Object: 'Object Repository/Page_My account - My Store/a_Sign out' is clicked on

2022-10-16 20:06:04 - [TEST_STEP][PASSED] - verifyElementPresent(findTestObject("Object Repository/Page_Login - My Store/a_Sign in"), 0): Object 'Object Repository/Page_Login - My Store/a_Sign in' is present

2022-10-16 20:06:04 - [MESSAGE][WARNING] - Timeout '0' is invalid. Using default page load timeout: '30'

2022-10-16 20:06:04 - [MESSAGE][PASSED] - Object 'Object Repository/Page_Login - My Store/a_Sign in' is present

2022-10-16 20:06:04 - [TEST_STEP][PASSED] - closeBrowser(): Browser is closed

2022-10-16 20:06:05 - [MESSAGE][PASSED] - Browser is closed]]></system-out>
         <system-err><![CDATA[]]></system-err>
      </testcase>
      <system-out><![CDATA[2022-10-16 20:05:24 - [TEST_SUITE][PASSED] - Mystore: Test Cases/LogOut]]></system-out>
      <system-err><![CDATA[]]></system-err>
   </testsuite>
</testsuites>
